payment-page-react-native-class-integration-demo/android/app/build/intermediates/manifest_merge_blame_file/debug/manifest-merger-blame-debug-report.txt
1<?xml version="1.0" encoding="utf-8"?>
2<manifest xmlns:android="http://schemas.android.com/apk/res/android"
3    package="com.juspayintegrationexamplern"
4    android:versionCode="1"
5    android:versionName="1.0" >
6
7    <uses-sdk
8        android:minSdkVersion="21"
9        android:targetSdkVersion="31" />
10
11    <uses-permission android:name="android.permission.SYSTEM_ALERT_WINDOW" />
11-->src/debug/AndroidManifest.xml:5:5-77
11-->src/debug/AndroidManifest.xml:5:22-75
12    <uses-permission android:name="android.permission.INTERNET" />
12-->src/main/AndroidManifest.xml:4:5-67
12-->src/main/AndroidManifest.xml:4:22-64
13    <uses-permission android:name="android.permission.ACCESS_WIFI_STATE" />
13-->[com.facebook.flipper:flipper:0.125.0] AndroidManifest.xml:16:5-76
13-->[com.facebook.flipper:flipper:0.125.0] AndroidManifest.xml:16:22-73
14    <uses-permission android:name="android.permission.ACCESS_NETWORK_STATE" />
14-->[in.juspay:hypersdk:2.1.12] AndroidManifest.xml:10:5-79
14-->[in.juspay:hypersdk:2.1.12] AndroidManifest.xml:10:22-76
15    <uses-permission android:name="android.permission.READ_PHONE_STATE" />
15-->[in.juspay:hypersdk:2.1.12] AndroidManifest.xml:11:5-75
15-->[in.juspay:hypersdk:2.1.12] AndroidManifest.xml:11:22-72
16
17    <queries>
17-->[in.juspay:hypersdk:2.1.12] AndroidManifest.xml:13:5-55:15
18        <intent>
18-->[in.juspay:hypersdk:2.1.12] AndroidManifest.xml:14:9-19:18
19            <data
19-->[in.juspay:hypersdk:2.1.12] AndroidManifest.xml:15:13-18:40
20                android:host="pay"
20-->[in.juspay:hypersdk:2.1.12] AndroidManifest.xml:16:17-35
21                android:pathPattern=".*"
21-->[in.juspay:hypersdk:2.1.12] AndroidManifest.xml:17:17-41
22                android:scheme="upi" />
22-->[in.juspay:hypersdk:2.1.12] AndroidManifest.xml:18:17-37
23        </intent>
24        <intent>
24-->[in.juspay:hypersdk:2.1.12] AndroidManifest.xml:20:9-22:18
25            <action android:name="android.support.customtabs.action.CustomTabsService" />
25-->[in.juspay:hypersdk:2.1.12] AndroidManifest.xml:21:13-90
25-->[in.juspay:hypersdk:2.1.12] AndroidManifest.xml:21:21-87
26        </intent>
27        <intent>
27-->[in.juspay:hypersdk:2.1.12] AndroidManifest.xml:23:9-28:18
28            <data
28-->[in.juspay:hypersdk:2.1.12] AndroidManifest.xml:15:13-18:40
29                android:host="mandate"
29-->[in.juspay:hypersdk:2.1.12] AndroidManifest.xml:16:17-35
30                android:pathPattern=".*"
30-->[in.juspay:hypersdk:2.1.12] AndroidManifest.xml:17:17-41
31                android:scheme="upi" />
31-->[in.juspay:hypersdk:2.1.12] AndroidManifest.xml:18:17-37
32        </intent>
33        <intent>
33-->[in.juspay:hypersdk:2.1.12] AndroidManifest.xml:29:9-33:18
34            <data
34-->[in.juspay:hypersdk:2.1.12] AndroidManifest.xml:15:13-18:40
35                android:pathPattern=".*"
35-->[in.juspay:hypersdk:2.1.12] AndroidManifest.xml:17:17-41
36                android:scheme="upi" />
36-->[in.juspay:hypersdk:2.1.12] AndroidManifest.xml:18:17-37
37        </intent>
38        <intent>
38-->[in.juspay:hypersdk:2.1.12] AndroidManifest.xml:34:9-39:18
39            <data
39-->[in.juspay:hypersdk:2.1.12] AndroidManifest.xml:15:13-18:40
40                android:host="pay"
40-->[in.juspay:hypersdk:2.1.12] AndroidManifest.xml:16:17-35
41                android:pathPattern=".*"
41-->[in.juspay:hypersdk:2.1.12] AndroidManifest.xml:17:17-41
42                android:scheme="juspay" />
42-->[in.juspay:hypersdk:2.1.12] AndroidManifest.xml:18:17-37
43        </intent>
44        <intent>
44-->[in.juspay:hypersdk:2.1.12] AndroidManifest.xml:40:9-45:18
45            <data
45-->[in.juspay:hypersdk:2.1.12] AndroidManifest.xml:15:13-18:40
46                android:host="checkout"
46-->[in.juspay:hypersdk:2.1.12] AndroidManifest.xml:16:17-35
47                android:pathPattern=".*"
47-->[in.juspay:hypersdk:2.1.12] AndroidManifest.xml:17:17-41
48                android:scheme="credpay" />
48-->[in.juspay:hypersdk:2.1.12] AndroidManifest.xml:18:17-37
49        </intent>
50
51        <package android:name="com.tatadigital.tcp.dev" />
51-->[in.juspay:hypersdk:2.1.12] AndroidManifest.xml:47:9-59
51-->[in.juspay:hypersdk:2.1.12] AndroidManifest.xml:47:18-56
52        <package android:name="com.tatadigital.tcp" />
52-->[in.juspay:hypersdk:2.1.12] AndroidManifest.xml:48:9-55
52-->[in.juspay:hypersdk:2.1.12] AndroidManifest.xml:48:18-52
53
54        <intent>
54-->[in.juspay:hypersdk:2.1.12] AndroidManifest.xml:50:9-54:18
55            <action android:name="android.intent.action.VIEW" />
55-->[in.juspay:hypersdk:2.1.12] AndroidManifest.xml:51:13-65
55-->[in.juspay:hypersdk:2.1.12] AndroidManifest.xml:51:21-62
56
57            <data android:mimeType="application/uri" />
57-->[in.juspay:hypersdk:2.1.12] AndroidManifest.xml:15:13-18:40
58        </intent>
59
60        <package android:name="in.amazon.mShop.android.shopping" />
60-->[com.amazon.android.amazonpay:apay-android-instrumentation:1.1.0] AndroidManifest.xml:12:9-68
60-->[com.amazon.android.amazonpay:apay-android-instrumentation:1.1.0] AndroidManifest.xml:12:18-65
61
62        <intent>
62-->[com.amazon.android.amazonpay:apay-android-upi-sdk:1.0.2] AndroidManifest.xml:14:9-16:18
63            <action android:name="com.amazon.mShop.kuber.service.PREFETCH_SERVICE" />
63-->[com.amazon.android.amazonpay:apay-android-upi-sdk:1.0.2] AndroidManifest.xml:15:13-86
63-->[com.amazon.android.amazonpay:apay-android-upi-sdk:1.0.2] AndroidManifest.xml:15:21-83
64        </intent>
65    </queries>
66
67    <uses-permission android:name="android.permission.WAKE_LOCK" />
67-->[androidx.work:work-runtime:2.7.1] AndroidManifest.xml:25:5-68
67-->[androidx.work:work-runtime:2.7.1] AndroidManifest.xml:25:22-65
68    <uses-permission android:name="android.permission.RECEIVE_BOOT_COMPLETED" />
68-->[androidx.work:work-runtime:2.7.1] AndroidManifest.xml:27:5-81
68-->[androidx.work:work-runtime:2.7.1] AndroidManifest.xml:27:22-78
69    <uses-permission android:name="android.permission.FOREGROUND_SERVICE" />
69-->[androidx.work:work-runtime:2.7.1] AndroidManifest.xml:28:5-77
69-->[androidx.work:work-runtime:2.7.1] AndroidManifest.xml:28:22-74
70
71    <application
71-->src/main/AndroidManifest.xml:6:5-24:19
72        android:name="com.juspayintegrationexamplern.MainApplication"
72-->src/main/AndroidManifest.xml:7:7-38
73        android:appComponentFactory="androidx.core.app.CoreComponentFactory"
73-->[androidx.core:core:1.6.0] AndroidManifest.xml:24:18-86
74        android:debuggable="true"
75        android:hardwareAccelerated="true"
75-->[in.juspay:hypersdk:2.1.12] AndroidManifest.xml:57:18-52
76        android:icon="@mipmap/ic_launcher"
76-->src/main/AndroidManifest.xml:9:7-41
77        android:label="@string/app_name"
77-->src/main/AndroidManifest.xml:8:7-39
78        android:roundIcon="@mipmap/ic_launcher_round"
78-->src/main/AndroidManifest.xml:10:7-52
79        android:theme="@style/AppTheme"
79-->src/main/AndroidManifest.xml:11:7-38
80        android:usesCleartextTraffic="true" >
80-->src/debug/AndroidManifest.xml:8:9-44
81        <activity
81-->src/debug/AndroidManifest.xml:11:9-111
82            android:name="com.facebook.react.devsupport.DevSettingsActivity"
82-->src/debug/AndroidManifest.xml:11:19-83
83            android:exported="false" />
83-->src/debug/AndroidManifest.xml:11:84-108
84        <activity
84-->src/main/AndroidManifest.xml:12:7-23:18
85            android:name="com.juspayintegrationexamplern.MainActivity"
85-->src/main/AndroidManifest.xml:13:9-37
86            android:configChanges="keyboard|keyboardHidden|orientation|screenLayout|screenSize|smallestScreenSize|uiMode"
86-->src/main/AndroidManifest.xml:15:9-118
87            android:exported="true"
87-->src/main/AndroidManifest.xml:18:9-32
88            android:label="@string/app_name"
88-->src/main/AndroidManifest.xml:14:9-41
89            android:launchMode="singleTask"
89-->src/main/AndroidManifest.xml:16:9-40
90            android:windowSoftInputMode="adjustResize" >
90-->src/main/AndroidManifest.xml:17:9-51
91            <intent-filter>
91-->src/main/AndroidManifest.xml:19:9-22:25
92                <action android:name="android.intent.action.MAIN" />
92-->src/main/AndroidManifest.xml:20:13-65
92-->src/main/AndroidManifest.xml:20:21-62
93
94                <category android:name="android.intent.category.LAUNCHER" />
94-->src/main/AndroidManifest.xml:21:13-73
94-->src/main/AndroidManifest.xml:21:23-70
95            </intent-filter>
96        </activity>
97        <activity
97-->[in.juspay:hypersdk:2.1.12] AndroidManifest.xml:58:9-60:40
98            android:name="in.juspay.hypersdk.core.CompletionActivity"
98-->[in.juspay:hypersdk:2.1.12] AndroidManifest.xml:59:13-70
99            android:exported="false" />
99-->[in.juspay:hypersdk:2.1.12] AndroidManifest.xml:60:13-37
100        <activity
100-->[in.juspay:hypersdk:2.1.12] AndroidManifest.xml:61:9-64:47
101            android:name="in.juspay.hypersdk.core.CustomtabActivity"
101-->[in.juspay:hypersdk:2.1.12] AndroidManifest.xml:62:13-69
102            android:exported="false"
102-->[in.juspay:hypersdk:2.1.12] AndroidManifest.xml:63:13-37
103            android:launchMode="singleTask" />
103-->[in.juspay:hypersdk:2.1.12] AndroidManifest.xml:64:13-44
104        <activity
104-->[in.juspay:hypersdk:2.1.12] AndroidManifest.xml:65:9-79:20
105            android:name="in.juspay.hypersdk.core.CustomtabResult"
105-->[in.juspay:hypersdk:2.1.12] AndroidManifest.xml:66:13-67
106            android:exported="true"
106-->[in.juspay:hypersdk:2.1.12] AndroidManifest.xml:67:13-36
107            android:launchMode="singleTask" >
107-->[in.juspay:hypersdk:2.1.12] AndroidManifest.xml:68:13-44
108            <intent-filter>
108-->[in.juspay:hypersdk:2.1.12] AndroidManifest.xml:69:13-78:29
109                <action android:name="android.intent.action.VIEW" />
109-->[in.juspay:hypersdk:2.1.12] AndroidManifest.xml:51:13-65
109-->[in.juspay:hypersdk:2.1.12] AndroidManifest.xml:51:21-62
110
111                <category android:name="android.intent.category.DEFAULT" />
111-->[in.juspay:hypersdk:2.1.12] AndroidManifest.xml:72:17-76
111-->[in.juspay:hypersdk:2.1.12] AndroidManifest.xml:72:27-73
112                <category android:name="android.intent.category.BROWSABLE" />
112-->[in.juspay:hypersdk:2.1.12] AndroidManifest.xml:73:17-78
112-->[in.juspay:hypersdk:2.1.12] AndroidManifest.xml:73:27-75
113
114                <data
114-->[in.juspay:hypersdk:2.1.12] AndroidManifest.xml:15:13-18:40
115                    android:host="com.juspayintegrationexamplern"
115-->[in.juspay:hypersdk:2.1.12] AndroidManifest.xml:16:17-35
116                    android:scheme="juspay" />
116-->[in.juspay:hypersdk:2.1.12] AndroidManifest.xml:18:17-37
117            </intent-filter>
118        </activity>
119
120        <provider
120-->[androidx.work:work-runtime:2.7.1] AndroidManifest.xml:31:9-39:20
121            android:name="androidx.startup.InitializationProvider"
121-->[androidx.work:work-runtime:2.7.1] AndroidManifest.xml:32:13-67
122            android:authorities="com.juspayintegrationexamplern.androidx-startup"
122-->[androidx.work:work-runtime:2.7.1] AndroidManifest.xml:33:13-68
123            android:exported="false" >
123-->[androidx.work:work-runtime:2.7.1] AndroidManifest.xml:34:13-37
124            <meta-data
124-->[androidx.work:work-runtime:2.7.1] AndroidManifest.xml:36:13-38:52
125                android:name="androidx.work.WorkManagerInitializer"
125-->[androidx.work:work-runtime:2.7.1] AndroidManifest.xml:37:17-68
126                android:value="androidx.startup" />
126-->[androidx.work:work-runtime:2.7.1] AndroidManifest.xml:38:17-49
127        </provider>
128
129        <service
129-->[androidx.work:work-runtime:2.7.1] AndroidManifest.xml:41:9-46:35
130            android:name="androidx.work.impl.background.systemalarm.SystemAlarmService"
130-->[androidx.work:work-runtime:2.7.1] AndroidManifest.xml:42:13-88
131            android:directBootAware="false"
131-->[androidx.work:work-runtime:2.7.1] AndroidManifest.xml:43:13-44
132            android:enabled="@bool/enable_system_alarm_service_default"
132-->[androidx.work:work-runtime:2.7.1] AndroidManifest.xml:44:13-72
133            android:exported="false" />
133-->[androidx.work:work-runtime:2.7.1] AndroidManifest.xml:45:13-37
134        <service
134-->[androidx.work:work-runtime:2.7.1] AndroidManifest.xml:47:9-53:35
135            android:name="androidx.work.impl.background.systemjob.SystemJobService"
135-->[androidx.work:work-runtime:2.7.1] AndroidManifest.xml:48:13-84
136            android:directBootAware="false"
136-->[androidx.work:work-runtime:2.7.1] AndroidManifest.xml:49:13-44
137            android:enabled="@bool/enable_system_job_service_default"
137-->[androidx.work:work-runtime:2.7.1] AndroidManifest.xml:50:13-70
138            android:exported="true"
138-->[androidx.work:work-runtime:2.7.1] AndroidManifest.xml:51:13-36
139            android:permission="android.permission.BIND_JOB_SERVICE" />
139-->[androidx.work:work-runtime:2.7.1] AndroidManifest.xml:52:13-69
140        <service
140-->[androidx.work:work-runtime:2.7.1] AndroidManifest.xml:54:9-59:35
141            android:name="androidx.work.impl.foreground.SystemForegroundService"
141-->[androidx.work:work-runtime:2.7.1] AndroidManifest.xml:55:13-81
142            android:directBootAware="false"
142-->[androidx.work:work-runtime:2.7.1] AndroidManifest.xml:56:13-44
143            android:enabled="@bool/enable_system_foreground_service_default"
143-->[androidx.work:work-runtime:2.7.1] AndroidManifest.xml:57:13-77
144            android:exported="false" />
144-->[androidx.work:work-runtime:2.7.1] AndroidManifest.xml:58:13-37
145
146        <receiver
146-->[androidx.work:work-runtime:2.7.1] AndroidManifest.xml:61:9-66:35
147            android:name="androidx.work.impl.utils.ForceStopRunnable$BroadcastReceiver"
147-->[androidx.work:work-runtime:2.7.1] AndroidManifest.xml:62:13-88
148            android:directBootAware="false"
148-->[androidx.work:work-runtime:2.7.1] AndroidManifest.xml:63:13-44
149            android:enabled="true"
149-->[androidx.work:work-runtime:2.7.1] AndroidManifest.xml:64:13-35
150            android:exported="false" />
150-->[androidx.work:work-runtime:2.7.1] AndroidManifest.xml:65:13-37
151        <receiver
151-->[androidx.work:work-runtime:2.7.1] AndroidManifest.xml:67:9-77:20
152            android:name="androidx.work.impl.background.systemalarm.ConstraintProxy$BatteryChargingProxy"
152-->[androidx.work:work-runtime:2.7.1] AndroidManifest.xml:68:13-106
153            android:directBootAware="false"
153-->[androidx.work:work-runtime:2.7.1] AndroidManifest.xml:69:13-44
154            android:enabled="false"
154-->[androidx.work:work-runtime:2.7.1] AndroidManifest.xml:70:13-36
155            android:exported="false" >
155-->[androidx.work:work-runtime:2.7.1] AndroidManifest.xml:71:13-37
156            <intent-filter>
156-->[androidx.work:work-runtime:2.7.1] AndroidManifest.xml:73:13-76:29
157                <action android:name="android.intent.action.ACTION_POWER_CONNECTED" />
157-->[androidx.work:work-runtime:2.7.1] AndroidManifest.xml:74:17-87
157-->[androidx.work:work-runtime:2.7.1] AndroidManifest.xml:74:25-84
158                <action android:name="android.intent.action.ACTION_POWER_DISCONNECTED" />
158-->[androidx.work:work-runtime:2.7.1] AndroidManifest.xml:75:17-90
158-->[androidx.work:work-runtime:2.7.1] AndroidManifest.xml:75:25-87
159            </intent-filter>
160        </receiver>
161        <receiver
161-->[androidx.work:work-runtime:2.7.1] AndroidManifest.xml:78:9-88:20
162            android:name="androidx.work.impl.background.systemalarm.ConstraintProxy$BatteryNotLowProxy"
162-->[androidx.work:work-runtime:2.7.1] AndroidManifest.xml:79:13-104
163            android:directBootAware="false"
163-->[androidx.work:work-runtime:2.7.1] AndroidManifest.xml:80:13-44
164            android:enabled="false"
164-->[androidx.work:work-runtime:2.7.1] AndroidManifest.xml:81:13-36
165            android:exported="false" >
165-->[androidx.work:work-runtime:2.7.1] AndroidManifest.xml:82:13-37
166            <intent-filter>
166-->[androidx.work:work-runtime:2.7.1] AndroidManifest.xml:84:13-87:29
167                <action android:name="android.intent.action.BATTERY_OKAY" />
167-->[androidx.work:work-runtime:2.7.1] AndroidManifest.xml:85:17-77
167-->[androidx.work:work-runtime:2.7.1] AndroidManifest.xml:85:25-74
168                <action android:name="android.intent.action.BATTERY_LOW" />
168-->[androidx.work:work-runtime:2.7.1] AndroidManifest.xml:86:17-76
168-->[androidx.work:work-runtime:2.7.1] AndroidManifest.xml:86:25-73
169            </intent-filter>
170        </receiver>
171        <receiver
171-->[androidx.work:work-runtime:2.7.1] AndroidManifest.xml:89:9-99:20
172            android:name="androidx.work.impl.background.systemalarm.ConstraintProxy$StorageNotLowProxy"
172-->[androidx.work:work-runtime:2.7.1] AndroidManifest.xml:90:13-104
173            android:directBootAware="false"
173-->[androidx.work:work-runtime:2.7.1] AndroidManifest.xml:91:13-44
174            android:enabled="false"
174-->[androidx.work:work-runtime:2.7.1] AndroidManifest.xml:92:13-36
175            android:exported="false" >
175-->[androidx.work:work-runtime:2.7.1] AndroidManifest.xml:93:13-37
176            <intent-filter>
176-->[androidx.work:work-runtime:2.7.1] AndroidManifest.xml:95:13-98:29
177                <action android:name="android.intent.action.DEVICE_STORAGE_LOW" />
177-->[androidx.work:work-runtime:2.7.1] AndroidManifest.xml:96:17-83
177-->[androidx.work:work-runtime:2.7.1] AndroidManifest.xml:96:25-80
178                <action android:name="android.intent.action.DEVICE_STORAGE_OK" />
178-->[androidx.work:work-runtime:2.7.1] AndroidManifest.xml:97:17-82
178-->[androidx.work:work-runtime:2.7.1] AndroidManifest.xml:97:25-79
179            </intent-filter>
180        </receiver>
181        <receiver
181-->[androidx.work:work-runtime:2.7.1] AndroidManifest.xml:100:9-109:20
182            android:name="androidx.work.impl.background.systemalarm.ConstraintProxy$NetworkStateProxy"
182-->[androidx.work:work-runtime:2.7.1] AndroidManifest.xml:101:13-103
183            android:directBootAware="false"
183-->[androidx.work:work-runtime:2.7.1] AndroidManifest.xml:102:13-44
184            android:enabled="false"
184-->[androidx.work:work-runtime:2.7.1] AndroidManifest.xml:103:13-36
185            android:exported="false" >
185-->[androidx.work:work-runtime:2.7.1] AndroidManifest.xml:104:13-37
186            <intent-filter>
186-->[androidx.work:work-runtime:2.7.1] AndroidManifest.xml:106:13-108:29
187                <action android:name="android.net.conn.CONNECTIVITY_CHANGE" />
187-->[androidx.work:work-runtime:2.7.1] AndroidManifest.xml:107:17-79
187-->[androidx.work:work-runtime:2.7.1] AndroidManifest.xml:107:25-76
188            </intent-filter>
189        </receiver>
190        <receiver
190-->[androidx.work:work-runtime:2.7.1] AndroidManifest.xml:110:9-121:20
191            android:name="androidx.work.impl.background.systemalarm.RescheduleReceiver"
191-->[androidx.work:work-runtime:2.7.1] AndroidManifest.xml:111:13-88
192            android:directBootAware="false"
192-->[androidx.work:work-runtime:2.7.1] AndroidManifest.xml:112:13-44
193            android:enabled="false"
193-->[androidx.work:work-runtime:2.7.1] AndroidManifest.xml:113:13-36
194            android:exported="false" >
194-->[androidx.work:work-runtime:2.7.1] AndroidManifest.xml:114:13-37
195            <intent-filter>
195-->[androidx.work:work-runtime:2.7.1] AndroidManifest.xml:116:13-120:29
196                <action android:name="android.intent.action.BOOT_COMPLETED" />
196-->[androidx.work:work-runtime:2.7.1] AndroidManifest.xml:117:17-79
196-->[androidx.work:work-runtime:2.7.1] AndroidManifest.xml:117:25-76
197                <action android:name="android.intent.action.TIME_SET" />
197-->[androidx.work:work-runtime:2.7.1] AndroidManifest.xml:118:17-73
197-->[androidx.work:work-runtime:2.7.1] AndroidManifest.xml:118:25-70
198                <action android:name="android.intent.action.TIMEZONE_CHANGED" />
198-->[androidx.work:work-runtime:2.7.1] AndroidManifest.xml:119:17-81
198-->[androidx.work:work-runtime:2.7.1] AndroidManifest.xml:119:25-78
199            </intent-filter>
200        </receiver>
201        <receiver
201-->[androidx.work:work-runtime:2.7.1] AndroidManifest.xml:122:9-131:20
202            android:name="androidx.work.impl.background.systemalarm.ConstraintProxyUpdateReceiver"
202-->[androidx.work:work-runtime:2.7.1] AndroidManifest.xml:123:13-99
203            android:directBootAware="false"
203-->[androidx.work:work-runtime:2.7.1] AndroidManifest.xml:124:13-44
204            android:enabled="@bool/enable_system_alarm_service_default"
204-->[androidx.work:work-runtime:2.7.1] AndroidManifest.xml:125:13-72
205            android:exported="false" >
205-->[androidx.work:work-runtime:2.7.1] AndroidManifest.xml:126:13-37
206            <intent-filter>
206-->[androidx.work:work-runtime:2.7.1] AndroidManifest.xml:128:13-130:29
207                <action android:name="androidx.work.impl.background.systemalarm.UpdateProxies" />
207-->[androidx.work:work-runtime:2.7.1] AndroidManifest.xml:129:17-98
207-->[androidx.work:work-runtime:2.7.1] AndroidManifest.xml:129:25-95
208            </intent-filter>
209        </receiver>
210        <receiver
210-->[androidx.work:work-runtime:2.7.1] AndroidManifest.xml:132:9-142:20
211            android:name="androidx.work.impl.diagnostics.DiagnosticsReceiver"
211-->[androidx.work:work-runtime:2.7.1] AndroidManifest.xml:133:13-78
212            android:directBootAware="false"
212-->[androidx.work:work-runtime:2.7.1] AndroidManifest.xml:134:13-44
213            android:enabled="true"
213-->[androidx.work:work-runtime:2.7.1] AndroidManifest.xml:135:13-35
214            android:exported="true"
214-->[androidx.work:work-runtime:2.7.1] AndroidManifest.xml:136:13-36
215            android:permission="android.permission.DUMP" >
215-->[androidx.work:work-runtime:2.7.1] AndroidManifest.xml:137:13-57
216            <intent-filter>
216-->[androidx.work:work-runtime:2.7.1] AndroidManifest.xml:139:13-141:29
217                <action android:name="androidx.work.diagnostics.REQUEST_DIAGNOSTICS" />
217-->[androidx.work:work-runtime:2.7.1] AndroidManifest.xml:140:17-88
217-->[androidx.work:work-runtime:2.7.1] AndroidManifest.xml:140:25-85
218            </intent-filter>
219        </receiver>
220
221        <service
221-->[androidx.room:room-runtime:2.2.5] AndroidManifest.xml:25:9-28:40
222            android:name="androidx.room.MultiInstanceInvalidationService"
222-->[androidx.room:room-runtime:2.2.5] AndroidManifest.xml:26:13-74
223            android:directBootAware="true"
223-->[androidx.room:room-runtime:2.2.5] AndroidManifest.xml:27:13-43
224            android:exported="false" />
224-->[androidx.room:room-runtime:2.2.5] AndroidManifest.xml:28:13-37
225
226        <activity
226-->[com.google.android.gms:play-services-base:17.1.0] AndroidManifest.xml:23:9-26:75
227            android:name="com.google.android.gms.common.api.GoogleApiActivity"
227-->[com.google.android.gms:play-services-base:17.1.0] AndroidManifest.xml:24:13-79
228            android:exported="false"
228-->[com.google.android.gms:play-services-base:17.1.0] AndroidManifest.xml:25:13-37
229            android:theme="@android:style/Theme.Translucent.NoTitleBar" />
229-->[com.google.android.gms:play-services-base:17.1.0] AndroidManifest.xml:26:13-72
230
231        <meta-data
231-->[com.google.android.gms:play-services-basement:17.1.0] AndroidManifest.xml:23:9-25:69
232            android:name="com.google.android.gms.version"
232-->[com.google.android.gms:play-services-basement:17.1.0] AndroidManifest.xml:24:13-58
233            android:value="@integer/google_play_services_version" />
233-->[com.google.android.gms:play-services-basement:17.1.0] AndroidManifest.xml:25:13-66
234    </application>
235
236</manifest>